Log started on 7/15/2025
Initialized local system at 15:4:19
Log started on 7/15/2025
Initialized local system at 15:4:19
Selected MCC 118 HAT device at address:0
Device in continous scan mode
Channels: 0, 1, 2,  
Requested Scan Rate: 1000 
Actual Scan Rate: 1000.0 
Selected MCC 118 HAT device at address:0
Device in continous scan mode
Channels: 0, 1, 2,  
Requested Scan Rate: 1000 
Actual Scan Rate: 1000.0 
Selected MCC 118 HAT device at address:0
Device in continous scan mode
Channels: 0, 1, 2,  
Requested Scan Rate: 1000 
Actual Scan Rate: 1000.0 
Selected MCC 118 HAT device at address:0
Device in continous scan mode
Channels: 0, 1, 2,  
Requested Scan Rate: 1000 
Actual Scan Rate: 1000.0 
Selected MCC 118 HAT device at address:0
Device in continous scan mode
Channels: 0, 1, 2,  
Requested Scan Rate: 1000 
Actual Scan Rate: 1000.0 
15:4:29:: Recording Started
Total Duration: 4 seconds
15:4:29:Recording Started
15:04:29:Time Elapsed (s):0 of 4
15:04:32:Time Elapsed (s):3 of 4
15:04:34:Time Elapsed (s):5 of 4
15:4:34:Recording Ended 
Data Recording Complete for a Duration of 5s
Final Data Frame Size:(2340, 4)
