Log started on 7/15/2025
Initialized local system at 15:16:47
Log started on 7/15/2025
Initialized local system at 15:16:47
Selected MCC 118 HAT device at address:0
Device in continous scan mode
Channels: 0, 1, 2,  
Requested Scan Rate: 1000 
Actual Scan Rate: 1000.0 
Selected MCC 118 HAT device at address:0
Device in continous scan mode
Channels: 0, 1, 2,  
Requested Scan Rate: 1000 
Actual Scan Rate: 1000.0 
Selected MCC 118 HAT device at address:0
Device in continous scan mode
Channels: 0, 1, 2,  
Requested Scan Rate: 1000 
Actual Scan Rate: 1000.0 
Selected MCC 118 HAT device at address:0
Device in continous scan mode
Channels: 0, 1, 2,  
Requested Scan Rate: 1000 
Actual Scan Rate: 1000.0 
Selected MCC 118 HAT device at address:0
Device in continous scan mode
Channels: 0, 1, 2,  
Requested Scan Rate: 1000 
Actual Scan Rate: 1000.0 
15:17:6:: Recording Started
Total Duration: 5 seconds
15:17:6:Recording Started
15:17:06:Time Elapsed (s):0 of 5
15:17:09:Time Elapsed (s):2 of 5
15:17:10:Time Elapsed (s):4 of 5
15:17:11:Time Elapsed (s):4 of 5
15:17:11:Buffer Overrun
