Log started on 7/15/2025
Initialized local system at 17:36:29
Log started on 7/15/2025
Initialized local system at 17:36:29
Selected MCC 118 HAT device at address:0
Device in continous scan mode
Channels: 0, 1, 2,  
Requested Scan Rate: 1000 
Actual Scan Rate: 1000.0 
Selected MCC 118 HAT device at address:0
Device in continous scan mode
Channels: 0, 1, 2,  
Requested Scan Rate: 1000 
Actual Scan Rate: 1000.0 
Selected MCC 118 HAT device at address:0
Device in continous scan mode
Channels: 0, 1, 2,  
Requested Scan Rate: 1000 
Actual Scan Rate: 1000.0 
Selected MCC 118 HAT device at address:0
Device in continous scan mode
Channels: 0, 1, 2,  
Requested Scan Rate: 1000 
Actual Scan Rate: 1000.0 
Selected MCC 118 HAT device at address:0
Device in continous scan mode
Channels: 0, 1, 2,  
Requested Scan Rate: 1000 
Actual Scan Rate: 1000.0 
17:36:43:: Recording Started
Total Duration: 5 seconds
17:36:43:Recording Started
17:36:43:Time Elapsed (s):0 of 5
17:36:46:Time Elapsed (s):2 of 5
17:36:47:Time Elapsed (s):4 of 5
17:36:49:Time Elapsed (s):6 of 5
17:37:7:Recording Ended 
Data Recording Complete for a Duration of 6s
Final Data Frame Size:(3341, 4)
