Log started on 7/15/2025
Initialized local system at 16:29:40
Log started on 7/15/2025
Initialized local system at 16:29:40
Selected MCC 118 HAT device at address:0
Device in continous scan mode
Channels: 0, 1, 2,  
Requested Scan Rate: 1000 
Actual Scan Rate: 1000.0 
Selected MCC 118 HAT device at address:0
Device in continous scan mode
Channels: 0, 1, 2,  
Requested Scan Rate: 1000 
Actual Scan Rate: 1000.0 
Selected MCC 118 HAT device at address:0
Device in continous scan mode
Channels: 0, 1, 2,  
Requested Scan Rate: 1000 
Actual Scan Rate: 1000.0 
Selected MCC 118 HAT device at address:0
Device in continous scan mode
Channels: 0, 1, 2,  
Requested Scan Rate: 1000 
Actual Scan Rate: 1000.0 
Selected MCC 118 HAT device at address:0
Device in continous scan mode
Channels: 0, 1, 2,  
Requested Scan Rate: 1000 
Actual Scan Rate: 1000.0 
16:29:52:: Recording Started
Total Duration: 5 seconds
16:29:52:Recording Started
16:29:53:Time Elapsed (s):0 of 5
16:29:53:Time Elapsed (s):0 of 5
16:29:53:Buffer Overrun
16:29:53:Time Elapsed (s):0 of 5
16:29:53:Buffer Overrun
16:29:53:Time Elapsed (s):0 of 5
16:29:53:Buffer Overrun
16:29:53:Time Elapsed (s):0 of 5
16:29:53:Buffer Overrun
16:29:53:Time Elapsed (s):0 of 5
16:29:53:Buffer Overrun
16:29:53:Time Elapsed (s):1 of 5
16:29:53:Buffer Overrun
16:29:53:Time Elapsed (s):1 of 5
16:29:54:Buffer Overrun
16:29:54:Time Elapsed (s):1 of 5
16:29:54:Buffer Overrun
16:29:54:Time Elapsed (s):1 of 5
16:29:54:Buffer Overrun
16:29:54:Time Elapsed (s):1 of 5
16:29:54:Buffer Overrun
16:29:54:Time Elapsed (s):1 of 5
16:29:54:Buffer Overrun
16:29:54:Time Elapsed (s):1 of 5
16:29:54:Buffer Overrun
16:29:54:Time Elapsed (s):1 of 5
16:29:54:Buffer Overrun
16:29:54:Time Elapsed (s):2 of 5
16:29:54:Buffer Overrun
16:29:54:Time Elapsed (s):2 of 5
16:29:55:Buffer Overrun
16:29:55:Time Elapsed (s):2 of 5
16:29:55:Buffer Overrun
16:29:55:Time Elapsed (s):2 of 5
16:29:55:Buffer Overrun
16:29:55:Time Elapsed (s):2 of 5
16:29:55:Buffer Overrun
16:29:55:Time Elapsed (s):2 of 5
16:29:55:Buffer Overrun
16:29:55:Time Elapsed (s):2 of 5
16:29:55:Buffer Overrun
16:29:55:Time Elapsed (s):2 of 5
16:29:55:Buffer Overrun
16:29:55:Time Elapsed (s):3 of 5
16:29:55:Buffer Overrun
16:29:55:Time Elapsed (s):3 of 5
16:29:56:Buffer Overrun
16:29:56:Time Elapsed (s):3 of 5
16:29:56:Buffer Overrun
16:29:56:Time Elapsed (s):3 of 5
16:29:56:Buffer Overrun
16:29:56:Time Elapsed (s):3 of 5
16:29:56:Buffer Overrun
16:29:56:Time Elapsed (s):3 of 5
16:29:56:Buffer Overrun
16:29:56:Time Elapsed (s):3 of 5
16:29:56:Buffer Overrun
16:29:56:Time Elapsed (s):3 of 5
16:29:56:Buffer Overrun
16:29:56:Time Elapsed (s):4 of 5
16:29:57:Buffer Overrun
16:29:57:Time Elapsed (s):4 of 5
16:29:57:Buffer Overrun
16:29:57:Time Elapsed (s):4 of 5
16:29:57:Buffer Overrun
16:29:57:Time Elapsed (s):4 of 5
16:29:57:Buffer Overrun
16:29:57:Time Elapsed (s):4 of 5
16:29:57:Buffer Overrun
16:29:57:Time Elapsed (s):4 of 5
16:29:57:Buffer Overrun
16:29:57:Time Elapsed (s):4 of 5
16:29:57:Buffer Overrun
16:29:57:Time Elapsed (s):4 of 5
16:29:57:Buffer Overrun
16:29:57:Time Elapsed (s):5 of 5
16:29:57:Recording Ended 
Data Recording Complete for a Duration of 5s
Final Data Frame Size:(38268, 4)
