Log started on 7/14/2025
Initialized local system at 15:31:4
Log started on 7/14/2025
Initialized local system at 15:31:4
Selected MCC 118 HAT device at address:0
Device in continous scan mode
Channels: 0, 1, 2,  
Requested Scan Rate: 1000 
Actual Scan Rate: 1000.0 
Selected MCC 118 HAT device at address:0
Device in continous scan mode
Channels: 0, 1, 2,  
Requested Scan Rate: 1000 
Actual Scan Rate: 1000.0 
Selected MCC 118 HAT device at address:0
Device in continous scan mode
Channels: 0, 1, 2,  
Requested Scan Rate: 1000 
Actual Scan Rate: 1000.0 
Selected MCC 118 HAT device at address:0
Device in continous scan mode
Channels: 0, 1, 2,  
Requested Scan Rate: 1000 
Actual Scan Rate: 1000.0 
Selected MCC 118 HAT device at address:0
Device in continous scan mode
Channels: 0, 1, 2,  
Requested Scan Rate: 1000 
Actual Scan Rate: 1000.0 
15:31:18:: Recording Started
Total Duration: 2 seconds
15:31:18:Recording Started
15:31:19:Time Elapsed (s):0 of 2
15:31:20:Time Elapsed (s):2 of 2
15:31:21:Recording Ended 
Data Recording Complete for a Duration of 2s
Final Data Frame Size:(1340, 4)
