Log started on 7/15/2025
Initialized local system at 16:52:2
Log started on 7/15/2025
Initialized local system at 16:52:2
Selected MCC 118 HAT device at address:0
Device in continous scan mode
Channels: 0, 1, 2,  
Requested Scan Rate: 1000 
Actual Scan Rate: 1000.0 
Selected MCC 118 HAT device at address:0
Device in continous scan mode
Channels: 0, 1, 2,  
Requested Scan Rate: 1000 
Actual Scan Rate: 1000.0 
Selected MCC 118 HAT device at address:0
Device in continous scan mode
Channels: 0, 1, 2,  
Requested Scan Rate: 1000 
Actual Scan Rate: 1000.0 
Selected MCC 118 HAT device at address:0
Device in continous scan mode
Channels: 0, 1, 2,  
Requested Scan Rate: 1000 
Actual Scan Rate: 1000.0 
Selected MCC 118 HAT device at address:0
Device in continous scan mode
Channels: 0, 1, 2,  
Requested Scan Rate: 1000 
Actual Scan Rate: 1000.0 
16:52:14:: Recording Started
Total Duration: 5 seconds
16:52:14:Recording Started
16:52:14:Time Elapsed (s):0 of 5
16:52:16:Time Elapsed (s):2 of 5
16:52:18:Time Elapsed (s):4 of 5
16:52:20:Time Elapsed (s):6 of 5
16:52:20:Recording Ended 
Data Recording Complete for a Duration of 6s
Final Data Frame Size:(3255, 4)
