Log started on 7/15/2025
Initialized local system at 16:57:53
Log started on 7/15/2025
Initialized local system at 16:57:53
Selected MCC 118 HAT device at address:0
Device in continous scan mode
Channels: 0, 1, 2,  
Requested Scan Rate: 1000 
Actual Scan Rate: 1000.0 
Selected MCC 118 HAT device at address:0
Device in continous scan mode
Channels: 0, 1, 2,  
Requested Scan Rate: 1000 
Actual Scan Rate: 1000.0 
Selected MCC 118 HAT device at address:0
Device in continous scan mode
Channels: 0, 1, 2,  
Requested Scan Rate: 1000 
Actual Scan Rate: 1000.0 
Selected MCC 118 HAT device at address:0
Device in continous scan mode
Channels: 0, 1, 2,  
Requested Scan Rate: 1000 
Actual Scan Rate: 1000.0 
Selected MCC 118 HAT device at address:0
Device in continous scan mode
Channels: 0, 1, 2,  
Requested Scan Rate: 1000 
Actual Scan Rate: 1000.0 
16:58:5:: Recording Started
Total Duration: 10 seconds
16:58:5:Recording Started
16:58:05:Time Elapsed (s):0 of 10
16:58:08:Time Elapsed (s):2 of 10
16:58:10:Time Elapsed (s):4 of 10
16:58:12:Time Elapsed (s):7 of 10
16:58:15:Time Elapsed (s):9 of 10
16:58:16:Time Elapsed (s):10 of 10
16:58:16:Recording Ended 
Data Recording Complete for a Duration of 10s
Final Data Frame Size:(5301, 4)
