Log started on 7/15/2025
Initialized local system at 15:15:29
Log started on 7/15/2025
Initialized local system at 15:15:29
Selected MCC 118 HAT device at address:0
Device in continous scan mode
Channels: 0, 1, 2,  
Requested Scan Rate: 1000 
Actual Scan Rate: 1000.0 
Selected MCC 118 HAT device at address:0
Device in continous scan mode
Channels: 0, 1, 2,  
Requested Scan Rate: 1000 
Actual Scan Rate: 1000.0 
Selected MCC 118 HAT device at address:0
Device in continous scan mode
Channels: 0, 1, 2,  
Requested Scan Rate: 1000 
Actual Scan Rate: 1000.0 
Selected MCC 118 HAT device at address:0
Device in continous scan mode
Channels: 0, 1, 2,  
Requested Scan Rate: 1000 
Actual Scan Rate: 1000.0 
Selected MCC 118 HAT device at address:0
Device in continous scan mode
Channels: 0, 1, 2,  
Requested Scan Rate: 1000 
Actual Scan Rate: 1000.0 
15:15:51:: Recording Started
Total Duration: 5 seconds
15:15:51:Recording Started
15:15:51:Time Elapsed (s):0 of 5
15:15:54:Time Elapsed (s):3 of 5
15:15:56:Time Elapsed (s):5 of 5
15:15:56:Recording Ended 
Data Recording Complete for a Duration of 5s
Final Data Frame Size:(2047, 4)
