Log started on 7/15/2025
Initialized local system at 17:28:33
Log started on 7/15/2025
Initialized local system at 17:28:33
Selected MCC 118 HAT device at address:0
Device in continous scan mode
Channels: 0, 1, 2,  
Requested Scan Rate: 1000 
Actual Scan Rate: 1000.0 
Selected MCC 118 HAT device at address:0
Device in continous scan mode
Channels: 0, 1, 2,  
Requested Scan Rate: 1000 
Actual Scan Rate: 1000.0 
Selected MCC 118 HAT device at address:0
Device in continous scan mode
Channels: 0, 1, 2,  
Requested Scan Rate: 1000 
Actual Scan Rate: 1000.0 
Selected MCC 118 HAT device at address:0
Device in continous scan mode
Channels: 0, 1, 2,  
Requested Scan Rate: 1000 
Actual Scan Rate: 1000.0 
Selected MCC 118 HAT device at address:0
Device in continous scan mode
Channels: 0, 1, 2,  
Requested Scan Rate: 1000 
Actual Scan Rate: 1000.0 
17:29:43:: Recording Started
Total Duration: 5 seconds
17:29:43:Recording Started
17:29:43:Time Elapsed (s):0 of 5
17:29:46:Time Elapsed (s):3 of 5
17:29:49:Time Elapsed (s):5 of 5
17:29:49:Recording Ended 
Data Recording Complete for a Duration of 5s
Final Data Frame Size:(2085, 4)
