Log started on 7/18/2025
Initialized local system at 19:21:55
Log started on 7/18/2025
Initialized local system at 19:21:55
Selected MCC 118 HAT device at address:0
Device in continous scan mode
Channels: 0, 1, 2,  
Requested Scan Rate: 1000 
Actual Scan Rate: 1000.0 
Selected MCC 118 HAT device at address:0
Device in continous scan mode
Channels: 0, 1, 2,  
Requested Scan Rate: 1000 
Actual Scan Rate: 1000.0 
Selected MCC 118 HAT device at address:0
Device in continous scan mode
Channels: 0, 1, 2,  
Requested Scan Rate: 1000 
Actual Scan Rate: 1000.0 
Selected MCC 118 HAT device at address:0
Device in continous scan mode
Channels: 0, 1, 2,  
Requested Scan Rate: 1000 
Actual Scan Rate: 1000.0 
Selected MCC 118 HAT device at address:0
Device in continous scan mode
Channels: 0, 1, 2,  
Requested Scan Rate: 1000 
Actual Scan Rate: 1000.0 
19:22:3:: Recording Started
Total Duration: 5 seconds
19:22:3:Recording Started
19:22:04:Time Elapsed (s):1 of 5
19:22:05:Time Elapsed (s):2 of 5
19:22:06:Time Elapsed (s):3 of 5
19:22:07:Time Elapsed (s):4 of 5
19:22:08:Time Elapsed (s):5 of 5
19:22:9:Recording Ended 
Data Recording Complete for a Duration of 5s
Final Data Frame Size:(5000, 4)
