Log started on 7/15/2025
Initialized local system at 17:25:36
Log started on 7/15/2025
Initialized local system at 17:25:36
Selected MCC 118 HAT device at address:0
Device in continous scan mode
Channels: 0, 1, 2,  
Requested Scan Rate: 1000 
Actual Scan Rate: 1000.0 
Selected MCC 118 HAT device at address:0
Device in continous scan mode
Channels: 0, 1, 2,  
Requested Scan Rate: 1000 
Actual Scan Rate: 1000.0 
Selected MCC 118 HAT device at address:0
Device in continous scan mode
Channels: 0, 1, 2,  
Requested Scan Rate: 1000 
Actual Scan Rate: 1000.0 
Selected MCC 118 HAT device at address:0
Device in continous scan mode
Channels: 0, 1, 2,  
Requested Scan Rate: 1000 
Actual Scan Rate: 1000.0 
Selected MCC 118 HAT device at address:0
Device in continous scan mode
Channels: 0, 1, 2,  
Requested Scan Rate: 1000 
Actual Scan Rate: 1000.0 
17:25:51:: Recording Started
Total Duration: 5 seconds
17:25:51:Recording Started
17:25:52:Time Elapsed (s):0 of 5
17:25:54:Time Elapsed (s):2 of 5
17:25:56:Time Elapsed (s):4 of 5
17:25:58:Time Elapsed (s):6 of 5
17:25:58:Recording Ended 
Data Recording Complete for a Duration of 6s
Final Data Frame Size:(3255, 4)
