Log started on 7/14/2025
Initialized local system at 15:32:5
Log started on 7/14/2025
Initialized local system at 15:32:5
Selected MCC 118 HAT device at address:0
Device in continous scan mode
Channels: 0, 1, 2,  
Requested Scan Rate: 1000 
Actual Scan Rate: 1000.0 
Selected MCC 118 HAT device at address:0
Device in continous scan mode
Channels: 0, 1, 2,  
Requested Scan Rate: 1000 
Actual Scan Rate: 1000.0 
Selected MCC 118 HAT device at address:0
Device in continous scan mode
Channels: 0, 1, 2,  
Requested Scan Rate: 1000 
Actual Scan Rate: 1000.0 
Selected MCC 118 HAT device at address:0
Device in continous scan mode
Channels: 0, 1, 2,  
Requested Scan Rate: 1000 
Actual Scan Rate: 1000.0 
Selected MCC 118 HAT device at address:0
Device in continous scan mode
Channels: 0, 1, 2,  
Requested Scan Rate: 1000 
Actual Scan Rate: 1000.0 
15:32:19:: Recording Started
Total Duration: 5 seconds
15:32:19:Recording Started
15:32:20:Time Elapsed (s):0 of 5
15:32:22:Time Elapsed (s):2 of 5
15:32:23:Time Elapsed (s):4 of 5
15:32:25:Time Elapsed (s):6 of 5
15:32:25:Recording Ended 
Data Recording Complete for a Duration of 6s
Final Data Frame Size:(3341, 4)
