Log started on 7/15/2025
Initialized local system at 15:29:11
Log started on 7/15/2025
Initialized local system at 15:29:11
Selected MCC 118 HAT device at address:0
Device in continous scan mode
Channels: 0, 1, 2,  
Requested Scan Rate: 1000 
Actual Scan Rate: 1000.0 
Selected MCC 118 HAT device at address:0
Device in continous scan mode
Channels: 0, 1, 2,  
Requested Scan Rate: 1000 
Actual Scan Rate: 1000.0 
Selected MCC 118 HAT device at address:0
Device in continous scan mode
Channels: 0, 1, 2,  
Requested Scan Rate: 1000 
Actual Scan Rate: 1000.0 
Selected MCC 118 HAT device at address:0
Device in continous scan mode
Channels: 0, 1, 2,  
Requested Scan Rate: 1000 
Actual Scan Rate: 1000.0 
Selected MCC 118 HAT device at address:0
Device in continous scan mode
Channels: 0, 1, 2,  
Requested Scan Rate: 1000 
Actual Scan Rate: 1000.0 
15:29:23:: Recording Started
Total Duration: 5 seconds
15:29:23:Recording Started
15:29:23:Time Elapsed (s):0 of 5
15:29:25:Time Elapsed (s):2 of 5
15:29:25:Time Elapsed (s):2 of 5
15:29:25:Buffer Overrun
