Log started on 7/14/2025
Initialized local system at 15:33:30
Log started on 7/14/2025
Initialized local system at 15:33:30
Selected MCC 118 HAT device at address:0
Device in continous scan mode
Channels: 0, 1, 2,  
Requested Scan Rate: 1000 
Actual Scan Rate: 1000.0 
Selected MCC 118 HAT device at address:0
Device in continous scan mode
Channels: 0, 1, 2,  
Requested Scan Rate: 1000 
Actual Scan Rate: 1000.0 
Selected MCC 118 HAT device at address:0
Device in continous scan mode
Channels: 0, 1, 2,  
Requested Scan Rate: 1000 
Actual Scan Rate: 1000.0 
Selected MCC 118 HAT device at address:0
Device in continous scan mode
Channels: 0, 1, 2,  
Requested Scan Rate: 1000 
Actual Scan Rate: 1000.0 
Selected MCC 118 HAT device at address:0
Device in continous scan mode
Channels: 0, 1, 2,  
Requested Scan Rate: 1000 
Actual Scan Rate: 1000.0 
15:36:48:: Recording Started
Total Duration: 10 seconds
15:36:48:Recording Started
15:36:49:Time Elapsed (s):0 of 10
15:36:52:Time Elapsed (s):3 of 10
15:36:54:Time Elapsed (s):6 of 10
15:36:57:Time Elapsed (s):8 of 10
15:36:59:Time Elapsed (s):10 of 10
15:36:59:Recording Ended 
Data Recording Complete for a Duration of 10s
Final Data Frame Size:(4428, 4)
