Log started on 7/14/2025
Initialized local system at 15:39:2
Log started on 7/14/2025
Initialized local system at 15:39:2
Selected MCC 118 HAT device at address:0
Device in continous scan mode
Channels: 0, 1, 2,  
Requested Scan Rate: 1000 
Actual Scan Rate: 1000.0 
Selected MCC 118 HAT device at address:0
Device in continous scan mode
Channels: 0, 1, 2,  
Requested Scan Rate: 1000 
Actual Scan Rate: 1000.0 
Selected MCC 118 HAT device at address:0
Device in continous scan mode
Channels: 0, 1, 2,  
Requested Scan Rate: 1000 
Actual Scan Rate: 1000.0 
Selected MCC 118 HAT device at address:0
Device in continous scan mode
Channels: 0, 1, 2,  
Requested Scan Rate: 1000 
Actual Scan Rate: 1000.0 
Selected MCC 118 HAT device at address:0
Device in continous scan mode
Channels: 0, 1, 2,  
Requested Scan Rate: 1000 
Actual Scan Rate: 1000.0 
15:39:9:: Recording Started
Total Duration: 4 seconds
15:39:9:Recording Started
15:39:09:Time Elapsed (s):0 of 4
15:39:12:Time Elapsed (s):2 of 4
15:39:14:Time Elapsed (s):4 of 4
15:39:14:Recording Ended 
Data Recording Complete for a Duration of 4s
Final Data Frame Size:(2089, 4)
