Log started on 7/15/2025
Initialized local system at 16:54:50
Log started on 7/15/2025
Initialized local system at 16:54:50
Selected MCC 118 HAT device at address:0
Device in continous scan mode
Channels: 0, 1, 2,  
Requested Scan Rate: 1000 
Actual Scan Rate: 1000.0 
Selected MCC 118 HAT device at address:0
Device in continous scan mode
Channels: 0, 1, 2,  
Requested Scan Rate: 1000 
Actual Scan Rate: 1000.0 
Selected MCC 118 HAT device at address:0
Device in continous scan mode
Channels: 0, 1, 2,  
Requested Scan Rate: 1000 
Actual Scan Rate: 1000.0 
Selected MCC 118 HAT device at address:0
Device in continous scan mode
Channels: 0, 1, 2,  
Requested Scan Rate: 1000 
Actual Scan Rate: 1000.0 
Selected MCC 118 HAT device at address:0
Device in continous scan mode
Channels: 0, 1, 2,  
Requested Scan Rate: 1000 
Actual Scan Rate: 1000.0 
16:55:4:: Recording Started
Total Duration: 5 seconds
16:55:4:Recording Started
16:55:04:Time Elapsed (s):0 of 5
16:55:07:Time Elapsed (s):2 of 5
16:55:08:Time Elapsed (s):4 of 5
16:55:9:Buffer Overrun
16:55:09:Time Elapsed (s):4 of 5
16:55:9:Buffer Overrun
16:55:09:Time Elapsed (s):4 of 5
16:55:9:Buffer Overrun
16:55:09:Time Elapsed (s):4 of 5
16:55:9:Buffer Overrun
16:55:09:Time Elapsed (s):5 of 5
16:55:9:Recording Ended 
Data Recording Complete for a Duration of 5s
Final Data Frame Size:(6057, 4)
