Log started on 7/17/2025
Initialized local system at 16:21:31
Log started on 7/17/2025
Initialized local system at 16:21:31
Selected MCC 118 HAT device at address:0
Device in continous scan mode
Channels: 0, 1, 2,  
Requested Scan Rate: 1000 
Actual Scan Rate: 1000.0 
Selected MCC 118 HAT device at address:0
Device in continous scan mode
Channels: 0, 1, 2,  
Requested Scan Rate: 1000 
Actual Scan Rate: 1000.0 
Selected MCC 118 HAT device at address:0
Device in continous scan mode
Channels: 0, 1, 2,  
Requested Scan Rate: 1000 
Actual Scan Rate: 1000.0 
Selected MCC 118 HAT device at address:0
Device in continous scan mode
Channels: 0, 1, 2,  
Requested Scan Rate: 1000 
Actual Scan Rate: 1000.0 
Selected MCC 118 HAT device at address:0
Device in continous scan mode
Channels: 0, 1, 2,  
Requested Scan Rate: 1000 
Actual Scan Rate: 1000.0 
16:21:38:: Recording Started
Total Duration: 10 seconds
16:21:38:Recording Started
16:21:38:Time Elapsed (s):0 of 10
16:21:41:Time Elapsed (s):2 of 10
16:21:42:Time Elapsed (s):3 of 10
16:21:42:Buffer Overrun
16:21:42:Time Elapsed (s):3 of 10
16:21:42:Buffer Overrun
16:21:42:Time Elapsed (s):3 of 10
16:21:42:Buffer Overrun
16:21:42:Time Elapsed (s):3 of 10
16:21:42:Buffer Overrun
16:21:42:Time Elapsed (s):3 of 10
16:21:42:Buffer Overrun
16:21:43:Time Elapsed (s):4 of 10
16:21:43:Buffer Overrun
16:21:43:Time Elapsed (s):4 of 10
16:21:43:Buffer Overrun
16:21:43:Time Elapsed (s):4 of 10
16:21:43:Buffer Overrun
16:21:43:Time Elapsed (s):4 of 10
16:21:43:Buffer Overrun
16:21:43:Time Elapsed (s):5 of 10
16:21:44:Buffer Overrun
16:21:44:Time Elapsed (s):5 of 10
16:21:44:Buffer Overrun
16:21:44:Time Elapsed (s):5 of 10
16:21:44:Buffer Overrun
16:21:44:Time Elapsed (s):5 of 10
16:21:44:Buffer Overrun
16:21:44:Time Elapsed (s):5 of 10
16:21:44:Buffer Overrun
16:21:44:Time Elapsed (s):6 of 10
16:21:45:Buffer Overrun
16:21:45:Time Elapsed (s):6 of 10
16:21:45:Buffer Overrun
16:21:45:Time Elapsed (s):6 of 10
16:21:45:Buffer Overrun
16:21:45:Time Elapsed (s):6 of 10
16:21:45:Buffer Overrun
16:21:45:Time Elapsed (s):6 of 10
16:21:45:Buffer Overrun
16:21:46:Time Elapsed (s):7 of 10
16:21:46:Buffer Overrun
16:21:46:Time Elapsed (s):7 of 10
16:21:46:Buffer Overrun
16:21:46:Time Elapsed (s):7 of 10
16:21:46:Buffer Overrun
16:21:46:Time Elapsed (s):7 of 10
16:21:46:Buffer Overrun
16:21:46:Time Elapsed (s):8 of 10
16:21:47:Buffer Overrun
16:21:47:Time Elapsed (s):8 of 10
16:21:47:Buffer Overrun
16:21:47:Time Elapsed (s):8 of 10
16:21:47:Buffer Overrun
16:21:47:Time Elapsed (s):8 of 10
16:21:47:Buffer Overrun
16:21:47:Time Elapsed (s):8 of 10
16:21:47:Buffer Overrun
16:21:48:Time Elapsed (s):9 of 10
16:21:48:Buffer Overrun
16:21:48:Time Elapsed (s):9 of 10
16:21:48:Buffer Overrun
16:21:48:Time Elapsed (s):9 of 10
16:21:48:Buffer Overrun
16:21:48:Time Elapsed (s):9 of 10
16:21:48:Buffer Overrun
16:21:48:Time Elapsed (s):10 of 10
16:21:49:Recording Ended 
Data Recording Complete for a Duration of 10s
Final Data Frame Size:(34000, 4)
