Log started on 7/18/2025
Initialized local system at 18:21:12
Log started on 7/18/2025
Initialized local system at 18:21:12
Selected MCC 118 HAT device at address:0
Device in continous scan mode
Channels: 0, 1, 2,  
Requested Scan Rate: 1000 
Actual Scan Rate: 1000.0 
Selected MCC 118 HAT device at address:0
Device in continous scan mode
Channels: 0, 1, 2,  
Requested Scan Rate: 1000 
Actual Scan Rate: 1000.0 
Selected MCC 118 HAT device at address:0
Device in continous scan mode
Channels: 0, 1, 2,  
Requested Scan Rate: 1000 
Actual Scan Rate: 1000.0 
18:21:12:Unexpected error in DAQ thread: Invalid parameter.
Selected MCC 118 HAT device at address:0
Device in continous scan mode
Channels: 0, 1, 2,  
Requested Scan Rate: 1000 
Actual Scan Rate: 1000.0 
18:21:12:Unexpected error in DAQ thread: Invalid parameter.
Selected MCC 118 HAT device at address:0
Device in continous scan mode
Channels: 0, 1, 2,  
Requested Scan Rate: 1000 
Actual Scan Rate: 1000.0 
18:21:27:Unexpected error in DAQ thread: Invalid parameter.
18:21:27:: Recording Started
Total Duration: 60 seconds
18:21:28:Recording Started
18:21:28:Unexpected error in DAQ thread: Invalid parameter.
18:21:28:Time Elapsed (s):0 of 60
18:21:30:Time Elapsed (s):2 of 60
18:21:31:Time Elapsed (s):3 of 60
18:21:31:Time Elapsed (s):3 of 60
18:21:31:Time Elapsed (s):3 of 60
18:21:31:Time Elapsed (s):3 of 60
18:21:31:Time Elapsed (s):3 of 60
18:21:31:Time Elapsed (s):3 of 60
18:21:31:Time Elapsed (s):3 of 60
18:21:31:Time Elapsed (s):3 of 60
18:21:31:Time Elapsed (s):3 of 60
18:21:32:Time Elapsed (s):4 of 60
18:21:32:Time Elapsed (s):4 of 60
18:21:32:Time Elapsed (s):4 of 60
18:21:32:Time Elapsed (s):4 of 60
18:21:32:Time Elapsed (s):4 of 60
18:21:32:Time Elapsed (s):4 of 60
18:21:32:Time Elapsed (s):4 of 60
18:21:32:Time Elapsed (s):4 of 60
18:21:32:Time Elapsed (s):4 of 60
18:21:33:Time Elapsed (s):5 of 60
18:21:33:Time Elapsed (s):5 of 60
18:21:33:Time Elapsed (s):5 of 60
18:21:33:Time Elapsed (s):5 of 60
18:21:33:Time Elapsed (s):5 of 60
18:21:33:Time Elapsed (s):5 of 60
18:21:33:Time Elapsed (s):5 of 60
18:21:33:Time Elapsed (s):5 of 60
18:21:33:Time Elapsed (s):5 of 60
18:21:33:Time Elapsed (s):6 of 60
18:21:34:Time Elapsed (s):6 of 60
18:21:34:Time Elapsed (s):6 of 60
18:21:34:Time Elapsed (s):6 of 60
18:21:34:Time Elapsed (s):6 of 60
18:21:34:Time Elapsed (s):6 of 60
18:21:34:Time Elapsed (s):6 of 60
18:21:34:Time Elapsed (s):6 of 60
18:21:34:Time Elapsed (s):6 of 60
18:21:35:Time Elapsed (s):7 of 60
18:21:35:Time Elapsed (s):7 of 60
18:21:35:Time Elapsed (s):7 of 60
18:21:35:Time Elapsed (s):7 of 60
18:21:35:Time Elapsed (s):7 of 60
18:21:35:Time Elapsed (s):7 of 60
18:21:35:Time Elapsed (s):7 of 60
18:21:35:Time Elapsed (s):7 of 60
18:21:35:Time Elapsed (s):7 of 60
18:21:36:Time Elapsed (s):8 of 60
18:21:36:Time Elapsed (s):8 of 60
18:21:36:Time Elapsed (s):8 of 60
18:21:36:Time Elapsed (s):8 of 60
18:21:36:Time Elapsed (s):8 of 60
18:21:36:Time Elapsed (s):8 of 60
18:21:36:Time Elapsed (s):8 of 60
18:21:36:Time Elapsed (s):8 of 60
18:21:36:Time Elapsed (s):8 of 60
18:21:37:Time Elapsed (s):9 of 60
18:21:37:Time Elapsed (s):9 of 60
18:21:37:Time Elapsed (s):9 of 60
18:21:37:Time Elapsed (s):9 of 60
18:21:37:Time Elapsed (s):9 of 60
18:21:37:Time Elapsed (s):9 of 60
18:21:37:Time Elapsed (s):9 of 60
18:21:37:Time Elapsed (s):9 of 60
18:21:37:Time Elapsed (s):9 of 60
18:21:38:Time Elapsed (s):10 of 60
18:21:38:Time Elapsed (s):10 of 60
18:21:38:Time Elapsed (s):10 of 60
18:21:38:Time Elapsed (s):10 of 60
18:21:38:Time Elapsed (s):10 of 60
18:21:38:Time Elapsed (s):10 of 60
18:21:38:Time Elapsed (s):10 of 60
18:21:38:Time Elapsed (s):10 of 60
18:21:38:Time Elapsed (s):10 of 60
18:21:39:Time Elapsed (s):11 of 60
18:21:39:Time Elapsed (s):11 of 60
18:21:39:Time Elapsed (s):11 of 60
18:21:39:Time Elapsed (s):11 of 60
18:21:39:Time Elapsed (s):11 of 60
18:21:39:Time Elapsed (s):11 of 60
18:21:39:Time Elapsed (s):11 of 60
18:21:39:Time Elapsed (s):11 of 60
18:21:39:Time Elapsed (s):11 of 60
18:21:39:Time Elapsed (s):12 of 60
18:21:40:Time Elapsed (s):12 of 60
18:21:40:Time Elapsed (s):12 of 60
18:21:40:Time Elapsed (s):12 of 60
18:21:40:Time Elapsed (s):12 of 60
18:21:40:Time Elapsed (s):12 of 60
18:21:40:Time Elapsed (s):12 of 60
18:21:40:Time Elapsed (s):12 of 60
18:21:40:Time Elapsed (s):12 of 60
18:21:40:Time Elapsed (s):12 of 60
18:21:41:Time Elapsed (s):13 of 60
18:21:41:Time Elapsed (s):13 of 60
18:21:41:Time Elapsed (s):13 of 60
18:21:41:Time Elapsed (s):13 of 60
18:21:41:Time Elapsed (s):13 of 60
18:21:41:Time Elapsed (s):13 of 60
18:21:41:Time Elapsed (s):13 of 60
18:21:41:Time Elapsed (s):13 of 60
18:21:41:Time Elapsed (s):13 of 60
18:21:42:Time Elapsed (s):14 of 60
18:21:42:Time Elapsed (s):14 of 60
18:21:42:Time Elapsed (s):14 of 60
18:21:42:Time Elapsed (s):14 of 60
18:21:42:Time Elapsed (s):14 of 60
18:21:42:Time Elapsed (s):14 of 60
18:21:42:Time Elapsed (s):14 of 60
18:21:42:Time Elapsed (s):14 of 60
18:21:42:Time Elapsed (s):14 of 60
18:21:42:Time Elapsed (s):14 of 60
18:21:43:Time Elapsed (s):15 of 60
18:21:43:Time Elapsed (s):15 of 60
18:21:43:Time Elapsed (s):15 of 60
18:21:43:Time Elapsed (s):15 of 60
18:21:43:Time Elapsed (s):15 of 60
18:21:43:Time Elapsed (s):15 of 60
18:21:43:Time Elapsed (s):15 of 60
18:21:43:Time Elapsed (s):15 of 60
18:21:43:Time Elapsed (s):15 of 60
18:21:43:Time Elapsed (s):16 of 60
18:21:44:Time Elapsed (s):16 of 60
18:21:44:Time Elapsed (s):16 of 60
18:21:44:Time Elapsed (s):16 of 60
18:21:44:Time Elapsed (s):16 of 60
18:21:44:Time Elapsed (s):16 of 60
18:21:44:Time Elapsed (s):16 of 60
18:21:44:Time Elapsed (s):16 of 60
18:21:44:Time Elapsed (s):16 of 60
18:21:44:Time Elapsed (s):16 of 60
18:21:45:Time Elapsed (s):17 of 60
18:21:45:Time Elapsed (s):17 of 60
18:21:45:Time Elapsed (s):17 of 60
18:21:45:Time Elapsed (s):17 of 60
18:21:45:Time Elapsed (s):17 of 60
18:21:45:Time Elapsed (s):17 of 60
18:21:45:Time Elapsed (s):17 of 60
18:21:45:Time Elapsed (s):17 of 60
18:21:45:Time Elapsed (s):17 of 60
18:21:45:Time Elapsed (s):18 of 60
18:21:46:Time Elapsed (s):18 of 60
18:21:46:Time Elapsed (s):18 of 60
18:21:46:Time Elapsed (s):18 of 60
18:21:46:Time Elapsed (s):18 of 60
18:21:46:Time Elapsed (s):18 of 60
18:21:46:Time Elapsed (s):18 of 60
18:21:46:Time Elapsed (s):18 of 60
18:21:46:Time Elapsed (s):18 of 60
18:21:46:Time Elapsed (s):18 of 60
18:21:47:Time Elapsed (s):19 of 60
18:21:47:Time Elapsed (s):19 of 60
