Log started on 7/15/2025
Initialized local system at 15:15:10
Log started on 7/15/2025
Initialized local system at 15:15:10
Selected MCC 118 HAT device at address:0
Device in continous scan mode
Channels: 0, 1, 2,  
Requested Scan Rate: 1000 
Actual Scan Rate: 1000.0 
Selected MCC 118 HAT device at address:0
Device in continous scan mode
Channels: 0, 1, 2,  
Requested Scan Rate: 1000 
Actual Scan Rate: 1000.0 
Selected MCC 118 HAT device at address:0
Device in continous scan mode
Channels: 0, 1, 2,  
Requested Scan Rate: 1000 
Actual Scan Rate: 1000.0 
Selected MCC 118 HAT device at address:0
Device in continous scan mode
Channels: 0, 1, 2,  
Requested Scan Rate: 1000 
Actual Scan Rate: 1000.0 
Selected MCC 118 HAT device at address:0
Device in continous scan mode
Channels: 0, 1, 2,  
Requested Scan Rate: 1000 
Actual Scan Rate: 1000.0 
15:15:20:: Recording Started
Total Duration: 5 seconds
15:15:20:Recording Started
15:15:20:Time Elapsed (s):0 of 5
15:15:21:Time Elapsed (s):1 of 5
15:15:22:Time Elapsed (s):2 of 5
15:15:22:Buffer Overrun
