Log started on 7/15/2025
Initialized local system at 16:59:16
Log started on 7/15/2025
Initialized local system at 16:59:16
Selected MCC 118 HAT device at address:0
Device in continous scan mode
Channels: 0, 1, 2,  
Requested Scan Rate: 1000 
Actual Scan Rate: 1000.0 
Selected MCC 118 HAT device at address:0
Device in continous scan mode
Channels: 0, 1, 2,  
Requested Scan Rate: 1000 
Actual Scan Rate: 1000.0 
Selected MCC 118 HAT device at address:0
Device in continous scan mode
Channels: 0, 1, 2,  
Requested Scan Rate: 1000 
Actual Scan Rate: 1000.0 
Selected MCC 118 HAT device at address:0
Device in continous scan mode
Channels: 0, 1, 2,  
Requested Scan Rate: 1000 
Actual Scan Rate: 1000.0 
Selected MCC 118 HAT device at address:0
Device in continous scan mode
Channels: 0, 1, 2,  
Requested Scan Rate: 1000 
Actual Scan Rate: 1000.0 
16:59:29:: Recording Started
Total Duration: 10 seconds
16:59:29:Recording Started
16:59:30:Time Elapsed (s):0 of 10
16:59:32:Time Elapsed (s):2 of 10
16:59:33:Time Elapsed (s):3 of 10
16:59:35:Time Elapsed (s):5 of 10
16:59:37:Time Elapsed (s):7 of 10
16:59:39:Time Elapsed (s):9 of 10
16:59:40:Time Elapsed (s):10 of 10
16:59:40:Recording Ended 
Data Recording Complete for a Duration of 10s
Final Data Frame Size:(6341, 4)
