Log started on 7/15/2025
Initialized local system at 15:19:58
Log started on 7/15/2025
Initialized local system at 15:19:58
Selected MCC 118 HAT device at address:0
Device in continous scan mode
Channels: 0, 1, 2,  
Requested Scan Rate: 1000 
Actual Scan Rate: 1000.0 
Selected MCC 118 HAT device at address:0
Device in continous scan mode
Channels: 0, 1, 2,  
Requested Scan Rate: 1000 
Actual Scan Rate: 1000.0 
Selected MCC 118 HAT device at address:0
Device in continous scan mode
Channels: 0, 1, 2,  
Requested Scan Rate: 1000 
Actual Scan Rate: 1000.0 
Selected MCC 118 HAT device at address:0
Device in continous scan mode
Channels: 0, 1, 2,  
Requested Scan Rate: 1000 
Actual Scan Rate: 1000.0 
Selected MCC 118 HAT device at address:0
Device in continous scan mode
Channels: 0, 1, 2,  
Requested Scan Rate: 1000 
Actual Scan Rate: 1000.0 
15:20:14:: Recording Started
Total Duration: 4 seconds
15:20:14:Recording Started
15:20:15:Time Elapsed (s):0 of 4
15:20:17:Time Elapsed (s):2 of 4
15:20:18:Time Elapsed (s):3 of 4
15:20:19:Time Elapsed (s):4 of 4
15:20:19:Recording Ended 
Data Recording Complete for a Duration of 4s
Final Data Frame Size:(2661, 4)
