Log started on 7/15/2025
Initialized local system at 16:38:55
Log started on 7/15/2025
Initialized local system at 16:38:55
Selected MCC 118 HAT device at address:0
Device in continous scan mode
Channels: 0, 1, 2,  
Requested Scan Rate: 1000 
Actual Scan Rate: 1000.0 
Selected MCC 118 HAT device at address:0
Device in continous scan mode
Channels: 0, 1, 2,  
Requested Scan Rate: 1000 
Actual Scan Rate: 1000.0 
Selected MCC 118 HAT device at address:0
Device in continous scan mode
Channels: 0, 1, 2,  
Requested Scan Rate: 1000 
Actual Scan Rate: 1000.0 
Selected MCC 118 HAT device at address:0
Device in continous scan mode
Channels: 0, 1, 2,  
Requested Scan Rate: 1000 
Actual Scan Rate: 1000.0 
Selected MCC 118 HAT device at address:0
Device in continous scan mode
Channels: 0, 1, 2,  
Requested Scan Rate: 1000 
Actual Scan Rate: 1000.0 
16:39:4:: Recording Started
Total Duration: 5 seconds
16:39:4:Recording Started
16:39:05:Time Elapsed (s):0 of 5
16:39:06:Time Elapsed (s):1 of 5
16:39:08:Time Elapsed (s):3 of 5
16:39:10:Time Elapsed (s):6 of 5
16:39:11:Recording Ended 
Data Recording Complete for a Duration of 6s
Final Data Frame Size:(3255, 4)
