Log started on 7/18/2025
Initialized local system at 19:31:20
Log started on 7/18/2025
Initialized local system at 19:31:20
Selected MCC 118 HAT device at address:0
Device in continous scan mode
Channels: 0, 1, 2,  
Requested Scan Rate: 1000 
Actual Scan Rate: 1000.0 
Selected MCC 118 HAT device at address:0
Device in continous scan mode
Channels: 0, 1, 2,  
Requested Scan Rate: 1000 
Actual Scan Rate: 1000.0 
Selected MCC 118 HAT device at address:0
Device in continous scan mode
Channels: 0, 1, 2,  
Requested Scan Rate: 1000 
Actual Scan Rate: 1000.0 
Selected MCC 118 HAT device at address:0
Device in continous scan mode
Channels: 0, 1, 2,  
Requested Scan Rate: 1000 
Actual Scan Rate: 1000.0 
Selected MCC 118 HAT device at address:0
Device in continous scan mode
Channels: 0, 1, 2,  
Requested Scan Rate: 1000 
Actual Scan Rate: 1000.0 
19:31:28:: Recording Started
Total Duration: 5 seconds
19:31:28:Recording Started
19:31:28:Time Elapsed (s):0 of 5
19:31:29:Time Elapsed (s):1 of 5
19:31:30:Time Elapsed (s):2 of 5
19:31:30:Buffer Overrun
19:31:30:Buffer Overrun
19:31:30:Buffer Overrun
19:31:30:Buffer Overrun
19:31:30:Buffer Overrun
19:31:30:Buffer Overrun
19:31:30:Buffer Overrun
19:31:30:Buffer Overrun
19:31:31:Buffer Overrun
19:31:31:Time Elapsed (s):3 of 5
19:31:31:Buffer Overrun
19:31:31:Buffer Overrun
19:31:31:Buffer Overrun
19:31:31:Buffer Overrun
19:31:31:Buffer Overrun
19:31:31:Buffer Overrun
19:31:31:Buffer Overrun
19:31:31:Buffer Overrun
19:31:31:Buffer Overrun
19:31:31:Buffer Overrun
19:31:32:Time Elapsed (s):4 of 5
19:31:32:Buffer Overrun
19:31:32:Buffer Overrun
19:31:32:Buffer Overrun
19:31:32:Buffer Overrun
19:31:32:Buffer Overrun
19:31:32:Buffer Overrun
19:31:32:Buffer Overrun
19:31:32:Buffer Overrun
19:31:32:Buffer Overrun
19:31:32:Buffer Overrun
19:31:33:Time Elapsed (s):5 of 5
19:31:33:Recording Ended 
Data Recording Complete for a Duration of 5s
Final Data Frame Size:(32257, 4)
