Log started on 7/15/2025
Initialized local system at 16:40:3
Log started on 7/15/2025
Initialized local system at 16:40:3
Selected MCC 118 HAT device at address:0
Device in continous scan mode
Channels: 0, 1, 2,  
Requested Scan Rate: 1000 
Actual Scan Rate: 1000.0 
Selected MCC 118 HAT device at address:0
Device in continous scan mode
Channels: 0, 1, 2,  
Requested Scan Rate: 1000 
Actual Scan Rate: 1000.0 
Selected MCC 118 HAT device at address:0
Device in continous scan mode
Channels: 0, 1, 2,  
Requested Scan Rate: 1000 
Actual Scan Rate: 1000.0 
Selected MCC 118 HAT device at address:0
Device in continous scan mode
Channels: 0, 1, 2,  
Requested Scan Rate: 1000 
Actual Scan Rate: 1000.0 
Selected MCC 118 HAT device at address:0
Device in continous scan mode
Channels: 0, 1, 2,  
Requested Scan Rate: 1000 
Actual Scan Rate: 1000.0 
16:40:17:: Recording Started
Total Duration: 5 seconds
16:40:17:Recording Started
16:40:17:Time Elapsed (s):0 of 5
16:40:19:Time Elapsed (s):2 of 5
16:40:21:Time Elapsed (s):4 of 5
16:40:22:Time Elapsed (s):5 of 5
