Log started on 7/15/2025
Initialized local system at 17:38:7
Log started on 7/15/2025
Initialized local system at 17:38:7
Selected MCC 118 HAT device at address:0
Device in continous scan mode
Channels: 0, 1, 2,  
Requested Scan Rate: 1000 
Actual Scan Rate: 1000.0 
Selected MCC 118 HAT device at address:0
Device in continous scan mode
Channels: 0, 1, 2,  
Requested Scan Rate: 1000 
Actual Scan Rate: 1000.0 
Selected MCC 118 HAT device at address:0
Device in continous scan mode
Channels: 0, 1, 2,  
Requested Scan Rate: 1000 
Actual Scan Rate: 1000.0 
Selected MCC 118 HAT device at address:0
Device in continous scan mode
Channels: 0, 1, 2,  
Requested Scan Rate: 1000 
Actual Scan Rate: 1000.0 
Selected MCC 118 HAT device at address:0
Device in continous scan mode
Channels: 0, 1, 2,  
Requested Scan Rate: 1000 
Actual Scan Rate: 1000.0 
17:38:20:: Recording Started
Total Duration: 5 seconds
17:38:20:Recording Started
17:38:20:Time Elapsed (s):0 of 5
17:38:22:Time Elapsed (s):1 of 5
17:38:22:Buffer Overrun
17:38:22:Time Elapsed (s):1 of 5
17:38:22:Buffer Overrun
17:38:22:Time Elapsed (s):2 of 5
17:38:22:Buffer Overrun
17:38:22:Time Elapsed (s):2 of 5
17:38:22:Buffer Overrun
17:38:23:Time Elapsed (s):2 of 5
17:38:23:Buffer Overrun
17:38:23:Time Elapsed (s):2 of 5
17:38:23:Buffer Overrun
17:38:23:Time Elapsed (s):2 of 5
17:38:23:Buffer Overrun
17:38:23:Time Elapsed (s):3 of 5
17:38:23:Buffer Overrun
17:38:23:Time Elapsed (s):3 of 5
17:38:24:Buffer Overrun
17:38:24:Time Elapsed (s):3 of 5
17:38:24:Buffer Overrun
17:38:24:Time Elapsed (s):3 of 5
17:38:24:Buffer Overrun
17:38:24:Time Elapsed (s):4 of 5
17:38:24:Buffer Overrun
17:38:24:Time Elapsed (s):4 of 5
17:38:24:Buffer Overrun
17:38:24:Time Elapsed (s):4 of 5
17:38:25:Buffer Overrun
17:38:25:Time Elapsed (s):4 of 5
17:38:25:Buffer Overrun
17:38:25:Time Elapsed (s):4 of 5
17:38:25:Buffer Overrun
17:38:25:Time Elapsed (s):5 of 5
17:38:25:Recording Ended 
Data Recording Complete for a Duration of 5s
Final Data Frame Size:(17340, 4)
