Log started on 7/18/2025
Initialized local system at 18:0:58
Log started on 7/18/2025
Initialized local system at 18:0:58
Selected MCC 118 HAT device at address:0
Device in continous scan mode
Channels: 0, 1, 2,  
Requested Scan Rate: 1000 
Actual Scan Rate: 1000.0 
Selected MCC 118 HAT device at address:0
Device in continous scan mode
Channels: 0, 1, 2,  
Requested Scan Rate: 1000 
Actual Scan Rate: 1000.0 
Selected MCC 118 HAT device at address:0
Device in continous scan mode
Channels: 0, 1, 2,  
Requested Scan Rate: 1000 
Actual Scan Rate: 1000.0 
Selected MCC 118 HAT device at address:0
Device in continous scan mode
Channels: 0, 1, 2,  
Requested Scan Rate: 1000 
Actual Scan Rate: 1000.0 
Selected MCC 118 HAT device at address:0
Device in continous scan mode
Channels: 0, 1, 2,  
Requested Scan Rate: 1000 
Actual Scan Rate: 1000.0 
18:1:17:: Recording Started
Total Duration: 60 seconds
18:1:17:Recording Started
18:01:17:Time Elapsed (s):0 of 60
18:01:19:Time Elapsed (s):2 of 60
18:01:22:Time Elapsed (s):4 of 60
18:01:23:Time Elapsed (s):6 of 60
18:01:25:Time Elapsed (s):8 of 60
18:01:27:Time Elapsed (s):10 of 60
18:01:29:Time Elapsed (s):12 of 60
18:01:31:Time Elapsed (s):14 of 60
18:01:33:Time Elapsed (s):16 of 60
18:01:35:Time Elapsed (s):18 of 60
18:01:37:Time Elapsed (s):20 of 60
18:01:39:Time Elapsed (s):22 of 60
18:01:41:Time Elapsed (s):24 of 60
18:01:43:Time Elapsed (s):26 of 60
18:01:45:Time Elapsed (s):27 of 60
18:01:46:Time Elapsed (s):29 of 60
18:01:48:Time Elapsed (s):31 of 60
18:01:50:Time Elapsed (s):33 of 60
18:01:52:Time Elapsed (s):35 of 60
18:01:54:Time Elapsed (s):37 of 60
18:1:54:Buffer Overrun
18:01:54:Time Elapsed (s):37 of 60
18:1:54:Buffer Overrun
18:01:54:Time Elapsed (s):37 of 60
18:1:54:Buffer Overrun
18:01:54:Time Elapsed (s):37 of 60
18:1:54:Buffer Overrun
18:01:55:Time Elapsed (s):37 of 60
18:1:55:Buffer Overrun
18:01:55:Time Elapsed (s):38 of 60
18:1:55:Buffer Overrun
18:01:55:Time Elapsed (s):38 of 60
18:1:55:Buffer Overrun
18:01:55:Time Elapsed (s):38 of 60
18:1:55:Buffer Overrun
18:01:55:Time Elapsed (s):38 of 60
18:1:55:Buffer Overrun
18:01:56:Time Elapsed (s):38 of 60
18:1:56:Buffer Overrun
18:01:56:Time Elapsed (s):39 of 60
18:1:56:Buffer Overrun
18:01:56:Time Elapsed (s):39 of 60
18:1:56:Buffer Overrun
18:01:56:Time Elapsed (s):39 of 60
18:1:56:Buffer Overrun
18:01:56:Time Elapsed (s):39 of 60
18:1:56:Buffer Overrun
18:01:57:Time Elapsed (s):39 of 60
18:1:57:Buffer Overrun
18:01:57:Time Elapsed (s):40 of 60
18:1:57:Buffer Overrun
18:01:57:Time Elapsed (s):40 of 60
18:1:57:Buffer Overrun
18:01:57:Time Elapsed (s):40 of 60
18:1:57:Buffer Overrun
18:01:57:Time Elapsed (s):40 of 60
18:1:57:Buffer Overrun
18:01:58:Time Elapsed (s):40 of 60
18:1:58:Buffer Overrun
18:01:58:Time Elapsed (s):41 of 60
18:1:58:Buffer Overrun
18:01:58:Time Elapsed (s):41 of 60
18:1:58:Buffer Overrun
18:01:58:Time Elapsed (s):41 of 60
18:1:58:Buffer Overrun
18:01:58:Time Elapsed (s):41 of 60
18:1:58:Buffer Overrun
18:01:59:Time Elapsed (s):41 of 60
18:1:59:Buffer Overrun
18:01:59:Time Elapsed (s):42 of 60
18:1:59:Buffer Overrun
18:01:59:Time Elapsed (s):42 of 60
18:1:59:Buffer Overrun
18:01:59:Time Elapsed (s):42 of 60
18:1:59:Buffer Overrun
18:01:59:Time Elapsed (s):42 of 60
18:1:59:Buffer Overrun
18:02:00:Time Elapsed (s):42 of 60
18:2:0:Buffer Overrun
18:02:00:Time Elapsed (s):43 of 60
18:2:0:Buffer Overrun
18:02:00:Time Elapsed (s):43 of 60
18:2:0:Buffer Overrun
18:02:00:Time Elapsed (s):43 of 60
18:2:0:Buffer Overrun
18:02:00:Time Elapsed (s):43 of 60
18:2:1:Buffer Overrun
18:02:01:Time Elapsed (s):44 of 60
18:2:1:Buffer Overrun
18:02:01:Time Elapsed (s):44 of 60
18:2:1:Buffer Overrun
18:02:01:Time Elapsed (s):44 of 60
18:2:1:Buffer Overrun
18:02:01:Time Elapsed (s):44 of 60
18:2:1:Buffer Overrun
18:02:01:Time Elapsed (s):44 of 60
18:2:2:Buffer Overrun
18:02:02:Time Elapsed (s):45 of 60
18:2:2:Buffer Overrun
18:02:02:Time Elapsed (s):45 of 60
18:2:2:Buffer Overrun
18:02:02:Time Elapsed (s):45 of 60
18:2:2:Buffer Overrun
18:02:02:Time Elapsed (s):45 of 60
18:2:2:Buffer Overrun
18:02:03:Time Elapsed (s):45 of 60
18:2:3:Buffer Overrun
18:02:03:Time Elapsed (s):46 of 60
18:2:3:Buffer Overrun
18:02:03:Time Elapsed (s):46 of 60
18:2:3:Buffer Overrun
18:02:03:Time Elapsed (s):46 of 60
18:2:3:Buffer Overrun
18:02:03:Time Elapsed (s):46 of 60
18:2:4:Buffer Overrun
18:02:04:Time Elapsed (s):46 of 60
18:2:4:Buffer Overrun
18:02:04:Time Elapsed (s):47 of 60
18:2:4:Buffer Overrun
18:02:04:Time Elapsed (s):47 of 60
18:2:4:Buffer Overrun
18:02:04:Time Elapsed (s):47 of 60
18:2:4:Buffer Overrun
18:02:04:Time Elapsed (s):47 of 60
18:2:5:Buffer Overrun
18:02:05:Time Elapsed (s):48 of 60
18:2:5:Buffer Overrun
18:02:05:Time Elapsed (s):48 of 60
18:2:5:Buffer Overrun
18:02:05:Time Elapsed (s):48 of 60
18:2:5:Buffer Overrun
18:02:05:Time Elapsed (s):48 of 60
18:2:5:Buffer Overrun
18:02:06:Time Elapsed (s):48 of 60
18:2:6:Buffer Overrun
18:02:06:Time Elapsed (s):49 of 60
18:2:6:Buffer Overrun
18:02:06:Time Elapsed (s):49 of 60
18:2:6:Buffer Overrun
18:02:06:Time Elapsed (s):49 of 60
18:2:6:Buffer Overrun
18:02:06:Time Elapsed (s):49 of 60
18:2:6:Buffer Overrun
18:02:07:Time Elapsed (s):49 of 60
18:2:7:Buffer Overrun
18:02:07:Time Elapsed (s):50 of 60
18:2:7:Buffer Overrun
18:02:07:Time Elapsed (s):50 of 60
18:2:7:Buffer Overrun
18:02:07:Time Elapsed (s):50 of 60
18:2:7:Buffer Overrun
18:02:07:Time Elapsed (s):50 of 60
18:2:7:Buffer Overrun
18:02:08:Time Elapsed (s):50 of 60
18:2:8:Buffer Overrun
18:02:08:Time Elapsed (s):51 of 60
18:2:8:Buffer Overrun
18:02:08:Time Elapsed (s):51 of 60
18:2:8:Buffer Overrun
18:02:08:Time Elapsed (s):51 of 60
18:2:8:Buffer Overrun
18:02:08:Time Elapsed (s):51 of 60
18:2:9:Buffer Overrun
18:02:09:Time Elapsed (s):51 of 60
18:2:9:Buffer Overrun
18:02:09:Time Elapsed (s):52 of 60
18:2:9:Buffer Overrun
18:02:09:Time Elapsed (s):52 of 60
18:2:9:Buffer Overrun
18:02:09:Time Elapsed (s):52 of 60
18:2:9:Buffer Overrun
18:02:09:Time Elapsed (s):52 of 60
18:2:10:Buffer Overrun
18:02:10:Time Elapsed (s):52 of 60
18:2:10:Buffer Overrun
18:02:10:Time Elapsed (s):53 of 60
18:2:10:Buffer Overrun
18:02:10:Time Elapsed (s):53 of 60
18:2:10:Buffer Overrun
18:02:10:Time Elapsed (s):53 of 60
18:2:10:Buffer Overrun
18:02:10:Time Elapsed (s):53 of 60
18:2:11:Buffer Overrun
18:02:11:Time Elapsed (s):54 of 60
18:2:11:Buffer Overrun
18:02:11:Time Elapsed (s):54 of 60
18:2:11:Buffer Overrun
18:02:11:Time Elapsed (s):54 of 60
18:2:11:Buffer Overrun
18:02:11:Time Elapsed (s):54 of 60
18:2:11:Buffer Overrun
18:02:11:Time Elapsed (s):54 of 60
18:2:12:Buffer Overrun
18:02:12:Time Elapsed (s):55 of 60
18:2:12:Buffer Overrun
18:02:12:Time Elapsed (s):55 of 60
18:2:12:Buffer Overrun
18:02:12:Time Elapsed (s):55 of 60
18:2:12:Buffer Overrun
18:02:12:Time Elapsed (s):55 of 60
18:2:12:Buffer Overrun
18:02:13:Time Elapsed (s):55 of 60
18:2:13:Buffer Overrun
18:02:13:Time Elapsed (s):56 of 60
18:2:13:Buffer Overrun
18:02:13:Time Elapsed (s):56 of 60
18:2:13:Buffer Overrun
18:02:13:Time Elapsed (s):56 of 60
18:2:13:Buffer Overrun
18:02:13:Time Elapsed (s):56 of 60
18:2:14:Buffer Overrun
18:02:14:Time Elapsed (s):57 of 60
18:2:14:Buffer Overrun
18:02:14:Time Elapsed (s):57 of 60
18:2:14:Buffer Overrun
18:02:14:Time Elapsed (s):57 of 60
18:2:14:Buffer Overrun
18:02:14:Time Elapsed (s):57 of 60
18:2:14:Buffer Overrun
18:02:15:Time Elapsed (s):57 of 60
18:2:15:Buffer Overrun
18:02:15:Time Elapsed (s):58 of 60
18:2:15:Buffer Overrun
18:02:15:Time Elapsed (s):58 of 60
18:2:15:Buffer Overrun
18:02:15:Time Elapsed (s):58 of 60
18:2:15:Buffer Overrun
18:02:15:Time Elapsed (s):58 of 60
18:2:16:Buffer Overrun
18:02:16:Time Elapsed (s):59 of 60
18:2:16:Buffer Overrun
18:02:16:Time Elapsed (s):59 of 60
18:2:16:Buffer Overrun
18:02:16:Time Elapsed (s):59 of 60
18:2:16:Buffer Overrun
18:02:16:Time Elapsed (s):59 of 60
18:2:16:Buffer Overrun
18:02:17:Time Elapsed (s):59 of 60
18:2:17:Buffer Overrun
18:02:17:Time Elapsed (s):60 of 60
18:2:17:Recording Ended 
Data Recording Complete for a Duration of 60s
Final Data Frame Size:(129255, 4)
