Log started on 7/15/2025
Initialized local system at 15:22:14
Log started on 7/15/2025
Initialized local system at 15:22:14
Selected MCC 118 HAT device at address:0
Device in continous scan mode
Channels: 0, 1, 2,  
Requested Scan Rate: 1000 
Actual Scan Rate: 1000.0 
Selected MCC 118 HAT device at address:0
Device in continous scan mode
Channels: 0, 1, 2,  
Requested Scan Rate: 1000 
Actual Scan Rate: 1000.0 
Selected MCC 118 HAT device at address:0
Device in continous scan mode
Channels: 0, 1, 2,  
Requested Scan Rate: 1000 
Actual Scan Rate: 1000.0 
Selected MCC 118 HAT device at address:0
Device in continous scan mode
Channels: 0, 1, 2,  
Requested Scan Rate: 1000 
Actual Scan Rate: 1000.0 
Selected MCC 118 HAT device at address:0
Device in continous scan mode
Channels: 0, 1, 2,  
Requested Scan Rate: 1000 
Actual Scan Rate: 1000.0 
15:22:57:: Recording Started
Total Duration: 3 seconds
15:22:57:Recording Started
15:22:58:Time Elapsed (s):0 of 3
15:23:00:Time Elapsed (s):2 of 3
15:23:01:Time Elapsed (s):3 of 3
15:23:1:Recording Ended 
Data Recording Complete for a Duration of 3s
Final Data Frame Size:(1690, 4)
