Log started on 7/15/2025
Initialized local system at 17:16:29
Log started on 7/15/2025
Initialized local system at 17:16:29
Selected MCC 118 HAT device at address:0
Device in continous scan mode
Channels: 0, 1, 2,  
Requested Scan Rate: 1000 
Actual Scan Rate: 1000.0 
Selected MCC 118 HAT device at address:0
Device in continous scan mode
Channels: 0, 1, 2,  
Requested Scan Rate: 1000 
Actual Scan Rate: 1000.0 
Selected MCC 118 HAT device at address:0
Device in continous scan mode
Channels: 0, 1, 2,  
Requested Scan Rate: 1000 
Actual Scan Rate: 1000.0 
Selected MCC 118 HAT device at address:0
Device in continous scan mode
Channels: 0, 1, 2,  
Requested Scan Rate: 1000 
Actual Scan Rate: 1000.0 
Selected MCC 118 HAT device at address:0
Device in continous scan mode
Channels: 0, 1, 2,  
Requested Scan Rate: 1000 
Actual Scan Rate: 1000.0 
17:16:47:: Recording Started
Total Duration: 5 seconds
17:16:47:Recording Started
17:16:48:Time Elapsed (s):1 of 5
17:16:50:Time Elapsed (s):3 of 5
17:16:51:Time Elapsed (s):4 of 5
17:16:53:Time Elapsed (s):6 of 5
17:16:53:Recording Ended 
Data Recording Complete for a Duration of 6s
Final Data Frame Size:(3920, 4)
