Log started on 7/18/2025
Initialized local system at 19:27:28
Log started on 7/18/2025
Initialized local system at 19:27:28
Selected MCC 118 HAT device at address:0
Device in continous scan mode
Channels: 0, 1, 2,  
Requested Scan Rate: 1000 
Actual Scan Rate: 1000.0 
Selected MCC 118 HAT device at address:0
Device in continous scan mode
Channels: 0, 1, 2,  
Requested Scan Rate: 1000 
Actual Scan Rate: 1000.0 
Selected MCC 118 HAT device at address:0
Device in continous scan mode
Channels: 0, 1, 2,  
Requested Scan Rate: 1000 
Actual Scan Rate: 1000.0 
Selected MCC 118 HAT device at address:0
Device in continous scan mode
Channels: 0, 1, 2,  
Requested Scan Rate: 1000 
Actual Scan Rate: 1000.0 
Selected MCC 118 HAT device at address:0
Device in continous scan mode
Channels: 0, 1, 2,  
Requested Scan Rate: 1000 
Actual Scan Rate: 1000.0 
19:27:39:: Recording Started
Total Duration: 5 seconds
19:27:39:Recording Started
19:27:40:Time Elapsed (s):0 of 5
19:27:42:Time Elapsed (s):2 of 5
19:27:42:Buffer Overrun
19:27:42:Buffer Overrun
19:27:42:Buffer Overrun
19:27:42:Buffer Overrun
19:27:42:Time Elapsed (s):3 of 5
19:27:42:Buffer Overrun
19:27:42:Buffer Overrun
19:27:42:Buffer Overrun
19:27:42:Buffer Overrun
19:27:43:Buffer Overrun
19:27:43:Buffer Overrun
19:27:43:Buffer Overrun
19:27:43:Buffer Overrun
19:27:43:Buffer Overrun
19:27:43:Buffer Overrun
19:27:43:Buffer Overrun
19:27:43:Time Elapsed (s):4 of 5
19:27:43:Buffer Overrun
19:27:43:Buffer Overrun
19:27:43:Buffer Overrun
19:27:44:Buffer Overrun
19:27:44:Buffer Overrun
19:27:44:Buffer Overrun
19:27:44:Buffer Overrun
19:27:44:Buffer Overrun
19:27:44:Buffer Overrun
19:27:44:Buffer Overrun
19:27:44:Time Elapsed (s):5 of 5
19:27:44:Recording Ended 
Data Recording Complete for a Duration of 5s
Final Data Frame Size:(27170, 4)
