Log started on 7/15/2025
Initialized local system at 15:20:56
Log started on 7/15/2025
Initialized local system at 15:20:56
Selected MCC 118 HAT device at address:0
Device in continous scan mode
Channels: 0, 1, 2,  
Requested Scan Rate: 1000 
Actual Scan Rate: 1000.0 
Selected MCC 118 HAT device at address:0
Device in continous scan mode
Channels: 0, 1, 2,  
Requested Scan Rate: 1000 
Actual Scan Rate: 1000.0 
Selected MCC 118 HAT device at address:0
Device in continous scan mode
Channels: 0, 1, 2,  
Requested Scan Rate: 1000 
Actual Scan Rate: 1000.0 
Selected MCC 118 HAT device at address:0
Device in continous scan mode
Channels: 0, 1, 2,  
Requested Scan Rate: 1000 
Actual Scan Rate: 1000.0 
Selected MCC 118 HAT device at address:0
Device in continous scan mode
Channels: 0, 1, 2,  
Requested Scan Rate: 1000 
Actual Scan Rate: 1000.0 
15:21:12:: Recording Started
Total Duration: 5 seconds
15:21:12:Recording Started
15:21:12:Time Elapsed (s):0 of 5
15:21:14:Time Elapsed (s):2 of 5
15:21:17:Time Elapsed (s):4 of 5
15:21:18:Time Elapsed (s):5 of 5
15:21:18:Recording Ended 
Data Recording Complete for a Duration of 5s
Final Data Frame Size:(2639, 4)
